mode: set
github.com/ricardominze/gobootstrap/api/account_controller.go:19.63,21.2 1 0
github.com/ricardominze/gobootstrap/api/account_controller.go:23.94,26.2 2 0
github.com/ricardominze/gobootstrap/api/account_controller.go:28.49,30.2 1 0
github.com/ricardominze/gobootstrap/api/account_controller.go:32.58,33.71 1 0
github.com/ricardominze/gobootstrap/api/account_controller.go:33.71,39.58 2 0
github.com/ricardominze/gobootstrap/api/account_controller.go:39.58,42.4 2 0
github.com/ricardominze/gobootstrap/api/account_controller.go:46.3,56.17 6 0
github.com/ricardominze/gobootstrap/api/account_controller.go:56.17,59.4 2 0
github.com/ricardominze/gobootstrap/api/account_controller.go:61.3,63.17 2 0
github.com/ricardominze/gobootstrap/api/account_controller.go:63.17,66.4 2 0
github.com/ricardominze/gobootstrap/api/account_controller.go:68.3,68.85 1 0
github.com/ricardominze/gobootstrap/api/account_controller.go:72.58,73.71 1 0
github.com/ricardominze/gobootstrap/api/account_controller.go:73.71,77.59 1 0
github.com/ricardominze/gobootstrap/api/account_controller.go:77.59,80.4 2 0
github.com/ricardominze/gobootstrap/api/account_controller.go:84.3,96.17 8 0
github.com/ricardominze/gobootstrap/api/account_controller.go:96.17,99.4 2 0
github.com/ricardominze/gobootstrap/api/account_controller.go:101.3,103.17 2 0
github.com/ricardominze/gobootstrap/api/account_controller.go:103.17,106.4 2 0
github.com/ricardominze/gobootstrap/api/account_controller.go:108.3,110.17 2 0
github.com/ricardominze/gobootstrap/api/account_controller.go:110.17,113.4 2 0
github.com/ricardominze/gobootstrap/api/account_controller.go:115.3,115.49 1 0
github.com/ricardominze/gobootstrap/api/account_controller.go:119.59,120.71 1 0
github.com/ricardominze/gobootstrap/api/account_controller.go:120.71,124.59 1 0
github.com/ricardominze/gobootstrap/api/account_controller.go:124.59,127.4 2 0
github.com/ricardominze/gobootstrap/api/account_controller.go:131.3,146.17 10 0
github.com/ricardominze/gobootstrap/api/account_controller.go:146.17,149.4 2 0
github.com/ricardominze/gobootstrap/api/account_controller.go:151.3,153.17 2 0
github.com/ricardominze/gobootstrap/api/account_controller.go:153.17,156.4 2 0
github.com/ricardominze/gobootstrap/api/account_controller.go:158.3,160.17 2 0
github.com/ricardominze/gobootstrap/api/account_controller.go:160.17,163.4 2 0
github.com/ricardominze/gobootstrap/api/account_controller.go:165.3,167.17 2 0
github.com/ricardominze/gobootstrap/api/account_controller.go:167.17,170.4 2 0
github.com/ricardominze/gobootstrap/api/account_controller.go:172.3,174.17 2 0
github.com/ricardominze/gobootstrap/api/account_controller.go:174.17,177.4 2 0
github.com/ricardominze/gobootstrap/api/account_controller.go:179.3,179.129 1 0
github.com/ricardominze/gobootstrap/api/account_controller.go:183.59,184.71 1 0
github.com/ricardominze/gobootstrap/api/account_controller.go:184.71,188.59 1 0
github.com/ricardominze/gobootstrap/api/account_controller.go:188.59,191.4 2 0
github.com/ricardominze/gobootstrap/api/account_controller.go:195.3,209.17 9 0
github.com/ricardominze/gobootstrap/api/account_controller.go:209.17,212.4 2 0
github.com/ricardominze/gobootstrap/api/account_controller.go:214.3,217.17 3 0
github.com/ricardominze/gobootstrap/api/account_controller.go:217.17,220.4 2 0
github.com/ricardominze/gobootstrap/api/account_controller.go:222.3,222.154 1 0
github.com/ricardominze/gobootstrap/api/customer_controller.go:22.64,24.2 1 0
github.com/ricardominze/gobootstrap/api/customer_controller.go:26.147,29.2 2 0
github.com/ricardominze/gobootstrap/api/customer_controller.go:31.58,32.71 1 0
github.com/ricardominze/gobootstrap/api/customer_controller.go:32.71,46.59 4 0
github.com/ricardominze/gobootstrap/api/customer_controller.go:46.59,49.4 2 0
github.com/ricardominze/gobootstrap/api/customer_controller.go:55.3,75.17 11 0
github.com/ricardominze/gobootstrap/api/customer_controller.go:75.17,78.4 2 0
github.com/ricardominze/gobootstrap/api/customer_controller.go:84.3,84.50 1 0
github.com/ricardominze/gobootstrap/api/customer_controller.go:88.49,90.2 1 0
github.com/ricardominze/gobootstrap/api/customer_controller.go:92.58,93.71 1 0
github.com/ricardominze/gobootstrap/api/customer_controller.go:93.71,107.59 4 0
github.com/ricardominze/gobootstrap/api/customer_controller.go:107.59,110.4 2 0
github.com/ricardominze/gobootstrap/api/customer_controller.go:116.3,132.17 8 0
github.com/ricardominze/gobootstrap/api/customer_controller.go:132.17,135.4 2 0
github.com/ricardominze/gobootstrap/api/customer_controller.go:141.3,141.50 1 0
github.com/ricardominze/gobootstrap/core/domain/account/wire_gen.go:17.82,21.2 3 0
github.com/ricardominze/gobootstrap/core/domain/account/entity/account.go:15.70,22.2 1 0
github.com/ricardominze/gobootstrap/core/domain/account/entity/account.go:24.35,27.2 1 0
github.com/ricardominze/gobootstrap/core/domain/account/entity/account.go:29.33,33.27 2 0
github.com/ricardominze/gobootstrap/core/domain/account/entity/account.go:33.27,35.3 1 0
github.com/ricardominze/gobootstrap/core/domain/account/entity/account.go:37.2,37.27 1 0
github.com/ricardominze/gobootstrap/core/domain/account/entity/account.go:37.27,39.3 1 0
github.com/ricardominze/gobootstrap/core/domain/account/entity/account.go:41.2,41.23 1 0
github.com/ricardominze/gobootstrap/core/domain/account/entity/account.go:41.23,43.3 1 0
github.com/ricardominze/gobootstrap/core/domain/account/entity/account.go:44.2,45.12 2 0
github.com/ricardominze/gobootstrap/core/domain/account/entity/account.go:48.48,49.19 1 0
github.com/ricardominze/gobootstrap/core/domain/account/entity/account.go:49.19,51.3 1 0
github.com/ricardominze/gobootstrap/core/domain/account/entity/account.go:52.2,53.12 2 0
github.com/ricardominze/gobootstrap/core/domain/account/entity/account.go:56.49,57.23 1 0
github.com/ricardominze/gobootstrap/core/domain/account/entity/account.go:57.23,59.3 1 0
github.com/ricardominze/gobootstrap/core/domain/account/entity/account.go:60.2,61.12 2 0
github.com/ricardominze/gobootstrap/core/domain/account/entity/account.go:64.40,66.21 1 0
github.com/ricardominze/gobootstrap/core/domain/account/entity/account.go:66.21,68.3 1 0
github.com/ricardominze/gobootstrap/core/domain/account/entity/account.go:70.2,70.21 1 0
github.com/ricardominze/gobootstrap/core/domain/account/entity/account.go:70.21,72.3 1 0
github.com/ricardominze/gobootstrap/core/domain/account/entity/account.go:74.2,76.12 2 0
github.com/ricardominze/gobootstrap/core/domain/account/service/account_service.go:23.84,34.2 1 0
github.com/ricardominze/gobootstrap/core/domain/account/service/account_service.go:36.92,42.2 3 0
github.com/ricardominze/gobootstrap/core/domain/account/service/account_service.go:44.92,50.2 3 0
github.com/ricardominze/gobootstrap/core/domain/account/service/account_service.go:52.118,58.2 3 0
github.com/ricardominze/gobootstrap/core/domain/account/service/account_service.go:60.92,66.2 3 0
github.com/ricardominze/gobootstrap/core/domain/account/service/account_service.go:68.109,74.2 3 0
github.com/ricardominze/gobootstrap/core/domain/account/service/account_service.go:76.110,82.2 3 0
github.com/ricardominze/gobootstrap/core/domain/account/service/account_service.go:84.156,90.2 3 0
github.com/ricardominze/gobootstrap/core/domain/account/service/account_service.go:92.87,98.2 3 0
github.com/ricardominze/gobootstrap/core/domain/account/usecase/account_usecase_balance.go:14.98,16.2 1 0
github.com/ricardominze/gobootstrap/core/domain/account/usecase/account_usecase_balance.go:18.94,25.16 4 0
github.com/ricardominze/gobootstrap/core/domain/account/usecase/account_usecase_balance.go:25.16,27.3 1 0
github.com/ricardominze/gobootstrap/core/domain/account/usecase/account_usecase_balance.go:29.2,29.29 1 0
github.com/ricardominze/gobootstrap/core/domain/account/usecase/account_usecase_close.go:15.94,17.2 1 0
github.com/ricardominze/gobootstrap/core/domain/account/usecase/account_usecase_close.go:19.99,26.16 4 0
github.com/ricardominze/gobootstrap/core/domain/account/usecase/account_usecase_close.go:26.16,28.3 1 0
github.com/ricardominze/gobootstrap/core/domain/account/usecase/account_usecase_close.go:31.2,33.16 2 0
github.com/ricardominze/gobootstrap/core/domain/account/usecase/account_usecase_close.go:33.16,35.3 1 0
github.com/ricardominze/gobootstrap/core/domain/account/usecase/account_usecase_close.go:37.2,39.16 2 0
github.com/ricardominze/gobootstrap/core/domain/account/usecase/account_usecase_close.go:39.16,41.3 1 0
github.com/ricardominze/gobootstrap/core/domain/account/usecase/account_usecase_close.go:43.2,43.12 1 0
github.com/ricardominze/gobootstrap/core/domain/account/usecase/account_usecase_deposit.go:15.98,17.2 1 0
github.com/ricardominze/gobootstrap/core/domain/account/usecase/account_usecase_deposit.go:19.116,26.16 4 0
github.com/ricardominze/gobootstrap/core/domain/account/usecase/account_usecase_deposit.go:26.16,28.3 1 0
github.com/ricardominze/gobootstrap/core/domain/account/usecase/account_usecase_deposit.go:31.2,33.16 2 0
github.com/ricardominze/gobootstrap/core/domain/account/usecase/account_usecase_deposit.go:33.16,35.3 1 0
github.com/ricardominze/gobootstrap/core/domain/account/usecase/account_usecase_deposit.go:37.2,39.16 2 0
github.com/ricardominze/gobootstrap/core/domain/account/usecase/account_usecase_deposit.go:39.16,41.3 1 0
github.com/ricardominze/gobootstrap/core/domain/account/usecase/account_usecase_deposit.go:43.2,43.12 1 0
github.com/ricardominze/gobootstrap/core/domain/account/usecase/account_usecase_get.go:15.90,17.2 1 0
github.com/ricardominze/gobootstrap/core/domain/account/usecase/account_usecase_get.go:19.99,25.16 4 0
github.com/ricardominze/gobootstrap/core/domain/account/usecase/account_usecase_get.go:25.16,27.3 1 0
github.com/ricardominze/gobootstrap/core/domain/account/usecase/account_usecase_get.go:29.2,29.21 1 0
github.com/ricardominze/gobootstrap/core/domain/account/usecase/account_usecase_open.go:15.92,17.2 1 0
github.com/ricardominze/gobootstrap/core/domain/account/usecase/account_usecase_open.go:19.125,26.16 4 0
github.com/ricardominze/gobootstrap/core/domain/account/usecase/account_usecase_open.go:26.16,28.3 1 0
github.com/ricardominze/gobootstrap/core/domain/account/usecase/account_usecase_open.go:31.2,31.33 1 0
github.com/ricardominze/gobootstrap/core/domain/account/usecase/account_usecase_open.go:31.33,33.3 1 0
github.com/ricardominze/gobootstrap/core/domain/account/usecase/account_usecase_open.go:36.2,36.33 1 0
github.com/ricardominze/gobootstrap/core/domain/account/usecase/account_usecase_open.go:36.33,38.3 1 0
github.com/ricardominze/gobootstrap/core/domain/account/usecase/account_usecase_open.go:40.2,42.16 2 0
github.com/ricardominze/gobootstrap/core/domain/account/usecase/account_usecase_open.go:42.16,44.3 1 0
github.com/ricardominze/gobootstrap/core/domain/account/usecase/account_usecase_open.go:46.2,46.21 1 0
github.com/ricardominze/gobootstrap/core/domain/account/usecase/account_usecase_taxes.go:15.94,17.2 1 0
github.com/ricardominze/gobootstrap/core/domain/account/usecase/account_usecase_taxes.go:19.99,26.16 4 0
github.com/ricardominze/gobootstrap/core/domain/account/usecase/account_usecase_taxes.go:26.16,28.3 1 0
github.com/ricardominze/gobootstrap/core/domain/account/usecase/account_usecase_taxes.go:31.2,33.16 2 0
github.com/ricardominze/gobootstrap/core/domain/account/usecase/account_usecase_taxes.go:33.16,35.3 1 0
github.com/ricardominze/gobootstrap/core/domain/account/usecase/account_usecase_taxes.go:37.2,39.16 2 0
github.com/ricardominze/gobootstrap/core/domain/account/usecase/account_usecase_taxes.go:39.16,41.3 1 0
github.com/ricardominze/gobootstrap/core/domain/account/usecase/account_usecase_taxes.go:43.2,43.12 1 0
github.com/ricardominze/gobootstrap/core/domain/account/usecase/account_usecase_transfer.go:15.100,17.2 1 0
github.com/ricardominze/gobootstrap/core/domain/account/usecase/account_usecase_transfer.go:19.163,27.16 5 0
github.com/ricardominze/gobootstrap/core/domain/account/usecase/account_usecase_transfer.go:27.16,29.3 1 0
github.com/ricardominze/gobootstrap/core/domain/account/usecase/account_usecase_transfer.go:32.2,34.16 2 0
github.com/ricardominze/gobootstrap/core/domain/account/usecase/account_usecase_transfer.go:34.16,36.3 1 0
github.com/ricardominze/gobootstrap/core/domain/account/usecase/account_usecase_transfer.go:39.2,41.16 2 0
github.com/ricardominze/gobootstrap/core/domain/account/usecase/account_usecase_transfer.go:41.16,43.3 1 0
github.com/ricardominze/gobootstrap/core/domain/account/usecase/account_usecase_transfer.go:45.2,47.16 2 0
github.com/ricardominze/gobootstrap/core/domain/account/usecase/account_usecase_transfer.go:47.16,49.3 1 0
github.com/ricardominze/gobootstrap/core/domain/account/usecase/account_usecase_transfer.go:50.2,52.16 2 0
github.com/ricardominze/gobootstrap/core/domain/account/usecase/account_usecase_transfer.go:52.16,54.3 1 0
github.com/ricardominze/gobootstrap/core/domain/account/usecase/account_usecase_transfer.go:56.2,56.12 1 0
github.com/ricardominze/gobootstrap/core/domain/account/usecase/account_usecase_withdraw.go:15.100,17.2 1 0
github.com/ricardominze/gobootstrap/core/domain/account/usecase/account_usecase_withdraw.go:19.117,26.16 4 0
github.com/ricardominze/gobootstrap/core/domain/account/usecase/account_usecase_withdraw.go:26.16,28.3 1 0
github.com/ricardominze/gobootstrap/core/domain/account/usecase/account_usecase_withdraw.go:31.2,33.16 2 0
github.com/ricardominze/gobootstrap/core/domain/account/usecase/account_usecase_withdraw.go:33.16,35.3 1 0
github.com/ricardominze/gobootstrap/core/domain/account/usecase/account_usecase_withdraw.go:37.2,39.16 2 0
github.com/ricardominze/gobootstrap/core/domain/account/usecase/account_usecase_withdraw.go:39.16,41.3 1 0
github.com/ricardominze/gobootstrap/core/domain/account/usecase/account_usecase_withdraw.go:43.2,43.12 1 0
github.com/ricardominze/gobootstrap/core/domain/customer/wire_gen.go:17.85,21.2 3 0
github.com/ricardominze/gobootstrap/core/domain/customer/service/customer_service.go:17.88,22.2 1 0
github.com/ricardominze/gobootstrap/core/domain/customer/service/customer_service.go:24.95,30.2 3 0
github.com/ricardominze/gobootstrap/core/domain/customer/service/customer_service.go:32.126,39.16 4 0
github.com/ricardominze/gobootstrap/core/domain/customer/service/customer_service.go:39.16,41.3 1 0
github.com/ricardominze/gobootstrap/core/domain/customer/service/customer_service.go:43.2,43.22 1 0
github.com/ricardominze/gobootstrap/core/domain/customer/service/customer_service.go:46.124,53.16 4 0
github.com/ricardominze/gobootstrap/core/domain/customer/service/customer_service.go:53.16,55.3 1 0
github.com/ricardominze/gobootstrap/core/domain/customer/service/customer_service.go:57.2,57.22 1 0
github.com/ricardominze/gobootstrap/core/domain/customer/entity/customer.go:14.79,21.2 1 0
github.com/ricardominze/gobootstrap/core/domain/customer/entity/customer.go:23.36,25.22 1 0
github.com/ricardominze/gobootstrap/core/domain/customer/entity/customer.go:25.22,27.3 1 0
github.com/ricardominze/gobootstrap/core/domain/customer/entity/customer.go:29.2,29.12 1 0
github.com/ricardominze/gobootstrap/core/domain/customer/entity/customer.go:32.44,35.2 1 0
github.com/ricardominze/gobootstrap/core/valueobject/address.go:9.70,16.2 1 0
github.com/ricardominze/gobootstrap/core/valueobject/address.go:18.35,21.2 1 0
github.com/ricardominze/gobootstrap/core/valueobject/address.go:23.43,26.2 1 0
github.com/ricardominze/gobootstrap/core/valueobject/address.go:28.47,31.2 1 0
github.com/ricardominze/gobootstrap/core/valueobject/address.go:33.49,36.2 1 0
github.com/ricardominze/gobootstrap/core/domain/customer/usecase/customer_usecase_create.go:15.100,17.2 1 0
github.com/ricardominze/gobootstrap/core/domain/customer/usecase/customer_usecase_create.go:19.115,26.16 4 0
github.com/ricardominze/gobootstrap/core/domain/customer/usecase/customer_usecase_create.go:26.16,28.3 1 0
github.com/ricardominze/gobootstrap/core/domain/customer/usecase/customer_usecase_create.go:30.2,32.16 2 0
github.com/ricardominze/gobootstrap/core/domain/customer/usecase/customer_usecase_create.go:32.16,34.3 1 0
github.com/ricardominze/gobootstrap/core/domain/customer/usecase/customer_usecase_create.go:36.2,36.22 1 0
github.com/ricardominze/gobootstrap/core/domain/customer/usecase/customer_usecase_get.go:15.94,17.2 1 0
github.com/ricardominze/gobootstrap/core/domain/customer/usecase/customer_usecase_get.go:19.93,26.16 4 0
github.com/ricardominze/gobootstrap/core/domain/customer/usecase/customer_usecase_get.go:26.16,28.3 1 0
github.com/ricardominze/gobootstrap/core/domain/customer/usecase/customer_usecase_get.go:30.2,30.22 1 0
github.com/ricardominze/gobootstrap/core/domain/customer/usecase/customer_usecase_save.go:15.96,17.2 1 0
github.com/ricardominze/gobootstrap/core/domain/customer/usecase/customer_usecase_save.go:19.113,26.16 4 0
github.com/ricardominze/gobootstrap/core/domain/customer/usecase/customer_usecase_save.go:26.16,28.3 1 0
github.com/ricardominze/gobootstrap/core/domain/customer/usecase/customer_usecase_save.go:30.2,32.16 2 0
github.com/ricardominze/gobootstrap/core/domain/customer/usecase/customer_usecase_save.go:32.16,34.3 1 0
github.com/ricardominze/gobootstrap/core/domain/customer/usecase/customer_usecase_save.go:36.2,36.22 1 0
github.com/ricardominze/gobootstrap/infra/adapter/account_repository.go:15.58,17.2 1 0
github.com/ricardominze/gobootstrap/infra/adapter/account_repository.go:19.96,26.25 4 0
github.com/ricardominze/gobootstrap/infra/adapter/account_repository.go:26.25,28.3 1 0
github.com/ricardominze/gobootstrap/infra/adapter/account_repository.go:30.2,30.21 1 0
github.com/ricardominze/gobootstrap/infra/adapter/account_repository.go:33.122,43.24 6 0
github.com/ricardominze/gobootstrap/infra/adapter/account_repository.go:43.24,47.17 2 0
github.com/ricardominze/gobootstrap/infra/adapter/account_repository.go:47.17,49.4 1 0
github.com/ricardominze/gobootstrap/infra/adapter/account_repository.go:51.8,55.17 2 0
github.com/ricardominze/gobootstrap/infra/adapter/account_repository.go:55.17,57.4 1 0
github.com/ricardominze/gobootstrap/infra/adapter/account_repository.go:60.2,60.21 1 0
github.com/ricardominze/gobootstrap/infra/adapter/account_repository.go:63.124,70.16 4 0
github.com/ricardominze/gobootstrap/infra/adapter/account_repository.go:70.16,72.3 1 0
github.com/ricardominze/gobootstrap/infra/adapter/account_repository.go:74.2,77.21 3 0
github.com/ricardominze/gobootstrap/infra/adapter/account_repository.go:80.124,87.16 4 0
github.com/ricardominze/gobootstrap/infra/adapter/account_repository.go:87.16,89.3 1 0
github.com/ricardominze/gobootstrap/infra/adapter/account_repository.go:91.2,91.21 1 0
github.com/ricardominze/gobootstrap/infra/adapter/customer_repository.go:16.60,18.2 1 0
github.com/ricardominze/gobootstrap/infra/adapter/customer_repository.go:20.99,30.25 6 0
github.com/ricardominze/gobootstrap/infra/adapter/customer_repository.go:30.25,32.3 1 0
github.com/ricardominze/gobootstrap/infra/adapter/customer_repository.go:34.2,34.22 1 0
github.com/ricardominze/gobootstrap/infra/adapter/customer_repository.go:37.128,47.25 6 0
github.com/ricardominze/gobootstrap/infra/adapter/customer_repository.go:47.25,51.17 2 0
github.com/ricardominze/gobootstrap/infra/adapter/customer_repository.go:51.17,53.4 1 0
github.com/ricardominze/gobootstrap/infra/adapter/customer_repository.go:55.8,59.17 2 0
github.com/ricardominze/gobootstrap/infra/adapter/customer_repository.go:59.17,61.4 1 0
github.com/ricardominze/gobootstrap/infra/adapter/customer_repository.go:64.2,64.22 1 0
github.com/ricardominze/gobootstrap/infra/adapter/customer_repository.go:67.130,74.16 4 0
github.com/ricardominze/gobootstrap/infra/adapter/customer_repository.go:74.16,76.3 1 0
github.com/ricardominze/gobootstrap/infra/adapter/customer_repository.go:78.2,81.22 3 0
github.com/ricardominze/gobootstrap/infra/adapter/customer_repository.go:84.130,91.16 4 0
github.com/ricardominze/gobootstrap/infra/adapter/customer_repository.go:91.16,93.3 1 0
github.com/ricardominze/gobootstrap/infra/adapter/customer_repository.go:95.2,95.22 1 0
github.com/ricardominze/gobootstrap/infra/adapter/router_classic.go:17.77,20.81 3 0
github.com/ricardominze/gobootstrap/infra/adapter/router_classic.go:20.81,23.23 3 0
github.com/ricardominze/gobootstrap/infra/adapter/router_classic.go:23.23,25.4 1 0
github.com/ricardominze/gobootstrap/infra/adapter/router_classic.go:26.3,26.19 1 0
github.com/ricardominze/gobootstrap/infra/adapter/router_classic.go:28.2,33.3 2 0
github.com/ricardominze/gobootstrap/infra/adapter/router_classic.go:41.38,43.2 1 0
github.com/ricardominze/gobootstrap/infra/adapter/router_classic.go:45.45,47.2 1 0
github.com/ricardominze/gobootstrap/infra/adapter/router_classic.go:49.71,52.2 2 0
github.com/ricardominze/gobootstrap/infra/adapter/router_classic.go:54.76,56.34 2 0
github.com/ricardominze/gobootstrap/infra/adapter/router_classic.go:56.34,57.72 1 0
github.com/ricardominze/gobootstrap/infra/adapter/router_classic.go:57.72,59.38 2 0
github.com/ricardominze/gobootstrap/infra/adapter/router_classic.go:59.38,61.5 1 0
github.com/ricardominze/gobootstrap/infra/adapter/router_classic.go:62.4,63.37 2 0
github.com/ricardominze/gobootstrap/infra/adapter/router_classic.go:63.37,65.5 1 0
github.com/ricardominze/gobootstrap/infra/adapter/router_classic.go:66.4,67.10 2 0
github.com/ricardominze/gobootstrap/infra/adapter/router_classic.go:70.2,70.21 1 0
github.com/ricardominze/gobootstrap/infra/adapter/router_classic.go:73.53,74.23 1 0
github.com/ricardominze/gobootstrap/infra/adapter/router_classic.go:74.23,76.3 1 0
github.com/ricardominze/gobootstrap/infra/adapter/router_classic.go:79.66,81.34 2 0
github.com/ricardominze/gobootstrap/infra/adapter/router_classic.go:81.34,83.3 1 0
github.com/ricardominze/gobootstrap/infra/adapter/router_classic.go:84.2,84.13 1 0
github.com/ricardominze/gobootstrap/infra/adapter/router_gorilla.go:15.38,17.2 1 0
github.com/ricardominze/gobootstrap/infra/adapter/router_gorilla.go:19.44,21.2 1 0
github.com/ricardominze/gobootstrap/infra/adapter/router_gorilla.go:23.67,25.2 1 0
github.com/ricardominze/gobootstrap/infra/adapter/router_gorilla.go:27.75,29.2 1 0
github.com/ricardominze/gobootstrap/infra/adapter/router_gorilla.go:31.52,32.23 1 0
github.com/ricardominze/gobootstrap/infra/adapter/router_gorilla.go:32.23,34.3 1 0
github.com/ricardominze/gobootstrap/infra/adapter/router_gorilla.go:37.65,39.2 1 0
github.com/ricardominze/gobootstrap/infra/middleware/telemetry_metric_middleware.go:9.95,10.71 1 0
github.com/ricardominze/gobootstrap/infra/middleware/telemetry_metric_middleware.go:10.71,13.3 2 0
github.com/ricardominze/gobootstrap/infra/middleware/telemetry_trace_middleware.go:11.84,13.71 1 0
github.com/ricardominze/gobootstrap/infra/middleware/telemetry_trace_middleware.go:13.71,26.3 6 0
github.com/ricardominze/gobootstrap/infra/restapi/response.go:16.79,25.2 4 0
github.com/ricardominze/gobootstrap/infra/restapi/response.go:27.89,37.2 4 0
github.com/ricardominze/gobootstrap/infra/restapi/restrict.go:8.59,10.24 1 0
github.com/ricardominze/gobootstrap/infra/restapi/restrict.go:10.24,12.3 1 0
github.com/ricardominze/gobootstrap/infra/restapi/restrict.go:13.2,13.12 1 0
github.com/ricardominze/gobootstrap/infra/telemetry/init_trace.go:15.98,26.16 2 0
github.com/ricardominze/gobootstrap/infra/telemetry/init_trace.go:26.16,28.3 1 0
github.com/ricardominze/gobootstrap/infra/telemetry/init_trace.go:34.2,60.17 4 0
github.com/ricardominze/gobootstrap/infra/telemetry/init_trace.go:60.17,62.17 2 0
github.com/ricardominze/gobootstrap/infra/telemetry/init_trace.go:62.17,64.4 1 0
github.com/ricardominze/gobootstrap/infra/telemetry/make_metric.go:5.73,8.2 1 0
github.com/ricardominze/gobootstrap/infra/telemetry/make_trace.go:13.105,17.2 2 0
github.com/ricardominze/gobootstrap/infra/telemetry/make_trace.go:19.71,42.2 10 0
github.com/ricardominze/gobootstrap/infra/util/handler_map.go:35.43,37.2 1 0
github.com/ricardominze/gobootstrap/infra/util/handler_map.go:39.42,41.2 1 0
github.com/ricardominze/gobootstrap/infra/util/handler_map.go:43.37,45.26 1 0
github.com/ricardominze/gobootstrap/infra/util/handler_map.go:45.26,47.3 1 0
github.com/ricardominze/gobootstrap/infra/util/handler_map.go:49.2,49.25 1 0
github.com/ricardominze/gobootstrap/infra/util/handler_map.go:49.25,51.3 1 0
github.com/ricardominze/gobootstrap/infra/util/handler_map.go:53.2,53.25 1 0
github.com/ricardominze/gobootstrap/infra/util/handler_map.go:53.25,55.3 1 0
github.com/ricardominze/gobootstrap/infra/util/handler_map.go:58.55,63.2 3 0
github.com/ricardominze/gobootstrap/infra/util/handler_map.go:65.67,75.47 7 0
github.com/ricardominze/gobootstrap/infra/util/handler_map.go:75.47,77.50 2 0
github.com/ricardominze/gobootstrap/infra/util/handler_map.go:77.50,82.106 5 0
github.com/ricardominze/gobootstrap/infra/util/handler_map.go:82.106,83.81 1 0
github.com/ricardominze/gobootstrap/infra/util/handler_map.go:83.81,85.32 2 0
github.com/ricardominze/gobootstrap/infra/util/handler_map.go:85.32,87.7 1 0
github.com/ricardominze/gobootstrap/infra/util/handler_map.go:88.6,89.43 2 0
github.com/ricardominze/gobootstrap/infra/util/handler_map.go:90.11,92.6 1 0
github.com/ricardominze/gobootstrap/infra/util/handler_map.go:93.10,95.5 1 0
github.com/ricardominze/gobootstrap/infra/util/struct_map.go:21.47,28.14 2 0
github.com/ricardominze/gobootstrap/infra/util/struct_map.go:28.14,30.3 1 0
github.com/ricardominze/gobootstrap/infra/util/struct_map.go:32.2,32.18 1 0
github.com/ricardominze/gobootstrap/infra/util/struct_map.go:35.79,38.36 2 0
github.com/ricardominze/gobootstrap/infra/util/struct_map.go:38.36,40.3 1 0
github.com/ricardominze/gobootstrap/infra/util/struct_map.go:41.2,41.14 1 0
github.com/ricardominze/gobootstrap/infra/util/struct_map.go:44.61,47.34 2 0
github.com/ricardominze/gobootstrap/infra/util/struct_map.go:47.34,49.3 1 0
github.com/ricardominze/gobootstrap/infra/util/struct_map.go:50.2,50.13 1 0
github.com/ricardominze/gobootstrap/infra/util/struct_map.go:53.59,56.2 1 0
github.com/ricardominze/gobootstrap/infra/util/struct_map.go:58.74,63.2 3 0
github.com/ricardominze/gobootstrap/infra/util/struct_map.go:65.44,68.2 1 0
github.com/ricardominze/gobootstrap/infra/util/struct_map.go:70.47,74.18 2 0
github.com/ricardominze/gobootstrap/infra/util/struct_map.go:75.23,78.33 3 0
github.com/ricardominze/gobootstrap/infra/util/struct_map.go:78.33,80.4 1 0
github.com/ricardominze/gobootstrap/infra/util/struct_map.go:81.3,84.35 4 0
github.com/ricardominze/gobootstrap/infra/util/struct_map.go:84.35,86.15 2 0
github.com/ricardominze/gobootstrap/infra/util/struct_map.go:86.15,87.24 1 0
github.com/ricardominze/gobootstrap/infra/util/struct_map.go:87.24,90.6 2 0
github.com/ricardominze/gobootstrap/infra/util/struct_map.go:90.11,91.37 1 0
github.com/ricardominze/gobootstrap/infra/util/struct_map.go:91.37,93.7 1 0
github.com/ricardominze/gobootstrap/infra/util/struct_map.go:97.3,97.41 1 0
github.com/ricardominze/gobootstrap/infra/util/struct_map.go:98.21,99.53 1 0
github.com/ricardominze/gobootstrap/infra/util/struct_map.go:100.25,103.36 3 0
github.com/ricardominze/gobootstrap/infra/util/struct_map.go:103.36,104.34 1 0
github.com/ricardominze/gobootstrap/infra/util/struct_map.go:104.34,106.6 1 0
github.com/ricardominze/gobootstrap/infra/util/struct_map.go:108.4,108.43 1 0
github.com/ricardominze/gobootstrap/infra/util/struct_map.go:109.25,112.25 3 0
github.com/ricardominze/gobootstrap/infra/util/struct_map.go:112.25,116.29 4 0
github.com/ricardominze/gobootstrap/infra/util/struct_map.go:116.29,118.6 1 0
github.com/ricardominze/gobootstrap/infra/util/struct_map.go:119.5,119.43 1 0
github.com/ricardominze/gobootstrap/core/domain/account/entity/account.go:15.70,22.2 1 0
github.com/ricardominze/gobootstrap/core/domain/account/entity/account.go:24.35,27.2 1 0
github.com/ricardominze/gobootstrap/core/domain/account/entity/account.go:29.33,33.27 2 1
github.com/ricardominze/gobootstrap/core/domain/account/entity/account.go:33.27,35.3 1 1
github.com/ricardominze/gobootstrap/core/domain/account/entity/account.go:37.2,37.27 1 1
github.com/ricardominze/gobootstrap/core/domain/account/entity/account.go:37.27,39.3 1 1
github.com/ricardominze/gobootstrap/core/domain/account/entity/account.go:41.2,41.23 1 1
github.com/ricardominze/gobootstrap/core/domain/account/entity/account.go:41.23,43.3 1 1
github.com/ricardominze/gobootstrap/core/domain/account/entity/account.go:44.2,45.12 2 1
github.com/ricardominze/gobootstrap/core/domain/account/entity/account.go:48.48,49.19 1 1
github.com/ricardominze/gobootstrap/core/domain/account/entity/account.go:49.19,51.3 1 1
github.com/ricardominze/gobootstrap/core/domain/account/entity/account.go:52.2,53.12 2 1
github.com/ricardominze/gobootstrap/core/domain/account/entity/account.go:56.49,57.23 1 1
github.com/ricardominze/gobootstrap/core/domain/account/entity/account.go:57.23,59.3 1 1
github.com/ricardominze/gobootstrap/core/domain/account/entity/account.go:60.2,61.12 2 1
github.com/ricardominze/gobootstrap/core/domain/account/entity/account.go:64.40,66.21 1 1
github.com/ricardominze/gobootstrap/core/domain/account/entity/account.go:66.21,68.3 1 1
github.com/ricardominze/gobootstrap/core/domain/account/entity/account.go:70.2,70.21 1 1
github.com/ricardominze/gobootstrap/core/domain/account/entity/account.go:70.21,72.3 1 1
github.com/ricardominze/gobootstrap/core/domain/account/entity/account.go:74.2,76.12 2 1
github.com/ricardominze/gobootstrap/core/domain/customer/entity/customer.go:14.79,21.2 1 0
github.com/ricardominze/gobootstrap/core/domain/customer/entity/customer.go:23.36,25.22 1 0
github.com/ricardominze/gobootstrap/core/domain/customer/entity/customer.go:25.22,27.3 1 0
github.com/ricardominze/gobootstrap/core/domain/customer/entity/customer.go:29.2,29.12 1 0
github.com/ricardominze/gobootstrap/core/domain/customer/entity/customer.go:32.44,35.2 1 1
github.com/ricardominze/gobootstrap/core/valueobject/address.go:9.70,16.2 1 0
github.com/ricardominze/gobootstrap/core/valueobject/address.go:18.35,21.2 1 0
github.com/ricardominze/gobootstrap/core/valueobject/address.go:23.43,26.2 1 0
github.com/ricardominze/gobootstrap/core/valueobject/address.go:28.47,31.2 1 0
github.com/ricardominze/gobootstrap/core/valueobject/address.go:33.49,36.2 1 0
github.com/ricardominze/gobootstrap/core/domain/account/entity/account.go:15.70,22.2 1 0
github.com/ricardominze/gobootstrap/core/domain/account/entity/account.go:24.35,27.2 1 1
github.com/ricardominze/gobootstrap/core/domain/account/entity/account.go:29.33,33.27 2 1
github.com/ricardominze/gobootstrap/core/domain/account/entity/account.go:33.27,35.3 1 1
github.com/ricardominze/gobootstrap/core/domain/account/entity/account.go:37.2,37.27 1 1
github.com/ricardominze/gobootstrap/core/domain/account/entity/account.go:37.27,39.3 1 0
github.com/ricardominze/gobootstrap/core/domain/account/entity/account.go:41.2,41.23 1 1
github.com/ricardominze/gobootstrap/core/domain/account/entity/account.go:41.23,43.3 1 0
github.com/ricardominze/gobootstrap/core/domain/account/entity/account.go:44.2,45.12 2 1
github.com/ricardominze/gobootstrap/core/domain/account/entity/account.go:48.48,49.19 1 1
github.com/ricardominze/gobootstrap/core/domain/account/entity/account.go:49.19,51.3 1 0
github.com/ricardominze/gobootstrap/core/domain/account/entity/account.go:52.2,53.12 2 1
github.com/ricardominze/gobootstrap/core/domain/account/entity/account.go:56.49,57.23 1 1
github.com/ricardominze/gobootstrap/core/domain/account/entity/account.go:57.23,59.3 1 0
github.com/ricardominze/gobootstrap/core/domain/account/entity/account.go:60.2,61.12 2 1
github.com/ricardominze/gobootstrap/core/domain/account/entity/account.go:64.40,66.21 1 0
github.com/ricardominze/gobootstrap/core/domain/account/entity/account.go:66.21,68.3 1 0
github.com/ricardominze/gobootstrap/core/domain/account/entity/account.go:70.2,70.21 1 0
github.com/ricardominze/gobootstrap/core/domain/account/entity/account.go:70.21,72.3 1 0
github.com/ricardominze/gobootstrap/core/domain/account/entity/account.go:74.2,76.12 2 0
github.com/ricardominze/gobootstrap/core/domain/account/service/account_service.go:23.84,34.2 1 1
github.com/ricardominze/gobootstrap/core/domain/account/service/account_service.go:36.92,42.2 3 1
github.com/ricardominze/gobootstrap/core/domain/account/service/account_service.go:44.92,50.2 3 1
github.com/ricardominze/gobootstrap/core/domain/account/service/account_service.go:52.118,58.2 3 1
github.com/ricardominze/gobootstrap/core/domain/account/service/account_service.go:60.92,66.2 3 0
github.com/ricardominze/gobootstrap/core/domain/account/service/account_service.go:68.109,74.2 3 1
github.com/ricardominze/gobootstrap/core/domain/account/service/account_service.go:76.110,82.2 3 1
github.com/ricardominze/gobootstrap/core/domain/account/service/account_service.go:84.156,90.2 3 1
github.com/ricardominze/gobootstrap/core/domain/account/service/account_service.go:92.87,98.2 3 1
github.com/ricardominze/gobootstrap/core/domain/account/usecase/account_usecase_balance.go:14.98,16.2 1 1
github.com/ricardominze/gobootstrap/core/domain/account/usecase/account_usecase_balance.go:18.94,25.16 4 1
github.com/ricardominze/gobootstrap/core/domain/account/usecase/account_usecase_balance.go:25.16,27.3 1 0
github.com/ricardominze/gobootstrap/core/domain/account/usecase/account_usecase_balance.go:29.2,29.29 1 1
github.com/ricardominze/gobootstrap/core/domain/account/usecase/account_usecase_close.go:15.94,17.2 1 1
github.com/ricardominze/gobootstrap/core/domain/account/usecase/account_usecase_close.go:19.99,26.16 4 0
github.com/ricardominze/gobootstrap/core/domain/account/usecase/account_usecase_close.go:26.16,28.3 1 0
github.com/ricardominze/gobootstrap/core/domain/account/usecase/account_usecase_close.go:31.2,33.16 2 0
github.com/ricardominze/gobootstrap/core/domain/account/usecase/account_usecase_close.go:33.16,35.3 1 0
github.com/ricardominze/gobootstrap/core/domain/account/usecase/account_usecase_close.go:37.2,39.16 2 0
github.com/ricardominze/gobootstrap/core/domain/account/usecase/account_usecase_close.go:39.16,41.3 1 0
github.com/ricardominze/gobootstrap/core/domain/account/usecase/account_usecase_close.go:43.2,43.12 1 0
github.com/ricardominze/gobootstrap/core/domain/account/usecase/account_usecase_deposit.go:15.98,17.2 1 1
github.com/ricardominze/gobootstrap/core/domain/account/usecase/account_usecase_deposit.go:19.116,26.16 4 1
github.com/ricardominze/gobootstrap/core/domain/account/usecase/account_usecase_deposit.go:26.16,28.3 1 0
github.com/ricardominze/gobootstrap/core/domain/account/usecase/account_usecase_deposit.go:31.2,33.16 2 1
github.com/ricardominze/gobootstrap/core/domain/account/usecase/account_usecase_deposit.go:33.16,35.3 1 0
github.com/ricardominze/gobootstrap/core/domain/account/usecase/account_usecase_deposit.go:37.2,39.16 2 1
github.com/ricardominze/gobootstrap/core/domain/account/usecase/account_usecase_deposit.go:39.16,41.3 1 0
github.com/ricardominze/gobootstrap/core/domain/account/usecase/account_usecase_deposit.go:43.2,43.12 1 1
github.com/ricardominze/gobootstrap/core/domain/account/usecase/account_usecase_get.go:15.90,17.2 1 1
github.com/ricardominze/gobootstrap/core/domain/account/usecase/account_usecase_get.go:19.99,25.16 4 1
github.com/ricardominze/gobootstrap/core/domain/account/usecase/account_usecase_get.go:25.16,27.3 1 0
github.com/ricardominze/gobootstrap/core/domain/account/usecase/account_usecase_get.go:29.2,29.21 1 1
github.com/ricardominze/gobootstrap/core/domain/account/usecase/account_usecase_open.go:15.92,17.2 1 1
github.com/ricardominze/gobootstrap/core/domain/account/usecase/account_usecase_open.go:19.125,26.16 4 1
github.com/ricardominze/gobootstrap/core/domain/account/usecase/account_usecase_open.go:26.16,28.3 1 0
github.com/ricardominze/gobootstrap/core/domain/account/usecase/account_usecase_open.go:31.2,31.33 1 1
github.com/ricardominze/gobootstrap/core/domain/account/usecase/account_usecase_open.go:31.33,33.3 1 1
github.com/ricardominze/gobootstrap/core/domain/account/usecase/account_usecase_open.go:36.2,36.33 1 1
github.com/ricardominze/gobootstrap/core/domain/account/usecase/account_usecase_open.go:36.33,38.3 1 1
github.com/ricardominze/gobootstrap/core/domain/account/usecase/account_usecase_open.go:40.2,42.16 2 1
github.com/ricardominze/gobootstrap/core/domain/account/usecase/account_usecase_open.go:42.16,44.3 1 0
github.com/ricardominze/gobootstrap/core/domain/account/usecase/account_usecase_open.go:46.2,46.21 1 1
github.com/ricardominze/gobootstrap/core/domain/account/usecase/account_usecase_taxes.go:15.94,17.2 1 1
github.com/ricardominze/gobootstrap/core/domain/account/usecase/account_usecase_taxes.go:19.99,26.16 4 1
github.com/ricardominze/gobootstrap/core/domain/account/usecase/account_usecase_taxes.go:26.16,28.3 1 0
github.com/ricardominze/gobootstrap/core/domain/account/usecase/account_usecase_taxes.go:31.2,33.16 2 1
github.com/ricardominze/gobootstrap/core/domain/account/usecase/account_usecase_taxes.go:33.16,35.3 1 0
github.com/ricardominze/gobootstrap/core/domain/account/usecase/account_usecase_taxes.go:37.2,39.16 2 1
github.com/ricardominze/gobootstrap/core/domain/account/usecase/account_usecase_taxes.go:39.16,41.3 1 0
github.com/ricardominze/gobootstrap/core/domain/account/usecase/account_usecase_taxes.go:43.2,43.12 1 1
github.com/ricardominze/gobootstrap/core/domain/account/usecase/account_usecase_transfer.go:15.100,17.2 1 1
github.com/ricardominze/gobootstrap/core/domain/account/usecase/account_usecase_transfer.go:19.163,27.16 5 1
github.com/ricardominze/gobootstrap/core/domain/account/usecase/account_usecase_transfer.go:27.16,29.3 1 0
github.com/ricardominze/gobootstrap/core/domain/account/usecase/account_usecase_transfer.go:32.2,34.16 2 1
github.com/ricardominze/gobootstrap/core/domain/account/usecase/account_usecase_transfer.go:34.16,36.3 1 0
github.com/ricardominze/gobootstrap/core/domain/account/usecase/account_usecase_transfer.go:39.2,41.16 2 1
github.com/ricardominze/gobootstrap/core/domain/account/usecase/account_usecase_transfer.go:41.16,43.3 1 0
github.com/ricardominze/gobootstrap/core/domain/account/usecase/account_usecase_transfer.go:45.2,47.16 2 1
github.com/ricardominze/gobootstrap/core/domain/account/usecase/account_usecase_transfer.go:47.16,49.3 1 0
github.com/ricardominze/gobootstrap/core/domain/account/usecase/account_usecase_transfer.go:50.2,52.16 2 1
github.com/ricardominze/gobootstrap/core/domain/account/usecase/account_usecase_transfer.go:52.16,54.3 1 0
github.com/ricardominze/gobootstrap/core/domain/account/usecase/account_usecase_transfer.go:56.2,56.12 1 1
github.com/ricardominze/gobootstrap/core/domain/account/usecase/account_usecase_withdraw.go:15.100,17.2 1 1
github.com/ricardominze/gobootstrap/core/domain/account/usecase/account_usecase_withdraw.go:19.117,26.16 4 1
github.com/ricardominze/gobootstrap/core/domain/account/usecase/account_usecase_withdraw.go:26.16,28.3 1 0
github.com/ricardominze/gobootstrap/core/domain/account/usecase/account_usecase_withdraw.go:31.2,33.16 2 1
github.com/ricardominze/gobootstrap/core/domain/account/usecase/account_usecase_withdraw.go:33.16,35.3 1 0
github.com/ricardominze/gobootstrap/core/domain/account/usecase/account_usecase_withdraw.go:37.2,39.16 2 1
github.com/ricardominze/gobootstrap/core/domain/account/usecase/account_usecase_withdraw.go:39.16,41.3 1 0
github.com/ricardominze/gobootstrap/core/domain/account/usecase/account_usecase_withdraw.go:43.2,43.12 1 1
github.com/ricardominze/gobootstrap/core/domain/customer/entity/customer.go:14.79,21.2 1 0
github.com/ricardominze/gobootstrap/core/domain/customer/entity/customer.go:23.36,25.22 1 1
github.com/ricardominze/gobootstrap/core/domain/customer/entity/customer.go:25.22,27.3 1 0
github.com/ricardominze/gobootstrap/core/domain/customer/entity/customer.go:29.2,29.12 1 1
github.com/ricardominze/gobootstrap/core/domain/customer/entity/customer.go:32.44,35.2 1 0
github.com/ricardominze/gobootstrap/core/domain/customer/service/customer_service.go:17.88,22.2 1 1
github.com/ricardominze/gobootstrap/core/domain/customer/service/customer_service.go:24.95,30.2 3 0
github.com/ricardominze/gobootstrap/core/domain/customer/service/customer_service.go:32.126,39.16 4 1
github.com/ricardominze/gobootstrap/core/domain/customer/service/customer_service.go:39.16,41.3 1 0
github.com/ricardominze/gobootstrap/core/domain/customer/service/customer_service.go:43.2,43.22 1 1
github.com/ricardominze/gobootstrap/core/domain/customer/service/customer_service.go:46.124,53.16 4 0
github.com/ricardominze/gobootstrap/core/domain/customer/service/customer_service.go:53.16,55.3 1 0
github.com/ricardominze/gobootstrap/core/domain/customer/service/customer_service.go:57.2,57.22 1 0
github.com/ricardominze/gobootstrap/core/domain/customer/usecase/customer_usecase_create.go:15.100,17.2 1 1
github.com/ricardominze/gobootstrap/core/domain/customer/usecase/customer_usecase_create.go:19.115,26.16 4 1
github.com/ricardominze/gobootstrap/core/domain/customer/usecase/customer_usecase_create.go:26.16,28.3 1 0
github.com/ricardominze/gobootstrap/core/domain/customer/usecase/customer_usecase_create.go:30.2,32.16 2 1
github.com/ricardominze/gobootstrap/core/domain/customer/usecase/customer_usecase_create.go:32.16,34.3 1 0
github.com/ricardominze/gobootstrap/core/domain/customer/usecase/customer_usecase_create.go:36.2,36.22 1 1
github.com/ricardominze/gobootstrap/core/domain/customer/usecase/customer_usecase_get.go:15.94,17.2 1 1
github.com/ricardominze/gobootstrap/core/domain/customer/usecase/customer_usecase_get.go:19.93,26.16 4 0
github.com/ricardominze/gobootstrap/core/domain/customer/usecase/customer_usecase_get.go:26.16,28.3 1 0
github.com/ricardominze/gobootstrap/core/domain/customer/usecase/customer_usecase_get.go:30.2,30.22 1 0
github.com/ricardominze/gobootstrap/core/domain/customer/usecase/customer_usecase_save.go:15.96,17.2 1 0
github.com/ricardominze/gobootstrap/core/domain/customer/usecase/customer_usecase_save.go:19.113,26.16 4 0
github.com/ricardominze/gobootstrap/core/domain/customer/usecase/customer_usecase_save.go:26.16,28.3 1 0
github.com/ricardominze/gobootstrap/core/domain/customer/usecase/customer_usecase_save.go:30.2,32.16 2 0
github.com/ricardominze/gobootstrap/core/domain/customer/usecase/customer_usecase_save.go:32.16,34.3 1 0
github.com/ricardominze/gobootstrap/core/domain/customer/usecase/customer_usecase_save.go:36.2,36.22 1 0
github.com/ricardominze/gobootstrap/core/valueobject/address.go:9.70,16.2 1 0
github.com/ricardominze/gobootstrap/core/valueobject/address.go:18.35,21.2 1 0
github.com/ricardominze/gobootstrap/core/valueobject/address.go:23.43,26.2 1 0
github.com/ricardominze/gobootstrap/core/valueobject/address.go:28.47,31.2 1 0
github.com/ricardominze/gobootstrap/core/valueobject/address.go:33.49,36.2 1 0
github.com/ricardominze/gobootstrap/infra/adapter/account_repository.go:15.58,17.2 1 1
github.com/ricardominze/gobootstrap/infra/adapter/account_repository.go:19.96,26.25 4 1
github.com/ricardominze/gobootstrap/infra/adapter/account_repository.go:26.25,28.3 1 0
github.com/ricardominze/gobootstrap/infra/adapter/account_repository.go:30.2,30.21 1 1
github.com/ricardominze/gobootstrap/infra/adapter/account_repository.go:33.122,43.24 6 1
github.com/ricardominze/gobootstrap/infra/adapter/account_repository.go:43.24,47.17 2 1
github.com/ricardominze/gobootstrap/infra/adapter/account_repository.go:47.17,49.4 1 0
github.com/ricardominze/gobootstrap/infra/adapter/account_repository.go:51.8,55.17 2 1
github.com/ricardominze/gobootstrap/infra/adapter/account_repository.go:55.17,57.4 1 0
github.com/ricardominze/gobootstrap/infra/adapter/account_repository.go:60.2,60.21 1 1
github.com/ricardominze/gobootstrap/infra/adapter/account_repository.go:63.124,70.16 4 1
github.com/ricardominze/gobootstrap/infra/adapter/account_repository.go:70.16,72.3 1 0
github.com/ricardominze/gobootstrap/infra/adapter/account_repository.go:74.2,77.21 3 1
github.com/ricardominze/gobootstrap/infra/adapter/account_repository.go:80.124,87.16 4 1
github.com/ricardominze/gobootstrap/infra/adapter/account_repository.go:87.16,89.3 1 0
github.com/ricardominze/gobootstrap/infra/adapter/account_repository.go:91.2,91.21 1 1
github.com/ricardominze/gobootstrap/infra/adapter/customer_repository.go:16.60,18.2 1 1
github.com/ricardominze/gobootstrap/infra/adapter/customer_repository.go:20.99,30.25 6 0
github.com/ricardominze/gobootstrap/infra/adapter/customer_repository.go:30.25,32.3 1 0
github.com/ricardominze/gobootstrap/infra/adapter/customer_repository.go:34.2,34.22 1 0
github.com/ricardominze/gobootstrap/infra/adapter/customer_repository.go:37.128,47.25 6 1
github.com/ricardominze/gobootstrap/infra/adapter/customer_repository.go:47.25,51.17 2 1
github.com/ricardominze/gobootstrap/infra/adapter/customer_repository.go:51.17,53.4 1 0
github.com/ricardominze/gobootstrap/infra/adapter/customer_repository.go:55.8,59.17 2 1
github.com/ricardominze/gobootstrap/infra/adapter/customer_repository.go:59.17,61.4 1 0
github.com/ricardominze/gobootstrap/infra/adapter/customer_repository.go:64.2,64.22 1 1
github.com/ricardominze/gobootstrap/infra/adapter/customer_repository.go:67.130,74.16 4 1
github.com/ricardominze/gobootstrap/infra/adapter/customer_repository.go:74.16,76.3 1 0
github.com/ricardominze/gobootstrap/infra/adapter/customer_repository.go:78.2,81.22 3 1
github.com/ricardominze/gobootstrap/infra/adapter/customer_repository.go:84.130,91.16 4 1
github.com/ricardominze/gobootstrap/infra/adapter/customer_repository.go:91.16,93.3 1 0
github.com/ricardominze/gobootstrap/infra/adapter/customer_repository.go:95.2,95.22 1 1
github.com/ricardominze/gobootstrap/infra/adapter/router_classic.go:17.77,20.81 3 0
github.com/ricardominze/gobootstrap/infra/adapter/router_classic.go:20.81,23.23 3 0
github.com/ricardominze/gobootstrap/infra/adapter/router_classic.go:23.23,25.4 1 0
github.com/ricardominze/gobootstrap/infra/adapter/router_classic.go:26.3,26.19 1 0
github.com/ricardominze/gobootstrap/infra/adapter/router_classic.go:28.2,33.3 2 0
github.com/ricardominze/gobootstrap/infra/adapter/router_classic.go:41.38,43.2 1 0
github.com/ricardominze/gobootstrap/infra/adapter/router_classic.go:45.45,47.2 1 0
github.com/ricardominze/gobootstrap/infra/adapter/router_classic.go:49.71,52.2 2 0
github.com/ricardominze/gobootstrap/infra/adapter/router_classic.go:54.76,56.34 2 0
github.com/ricardominze/gobootstrap/infra/adapter/router_classic.go:56.34,57.72 1 0
github.com/ricardominze/gobootstrap/infra/adapter/router_classic.go:57.72,59.38 2 0
github.com/ricardominze/gobootstrap/infra/adapter/router_classic.go:59.38,61.5 1 0
github.com/ricardominze/gobootstrap/infra/adapter/router_classic.go:62.4,63.37 2 0
github.com/ricardominze/gobootstrap/infra/adapter/router_classic.go:63.37,65.5 1 0
github.com/ricardominze/gobootstrap/infra/adapter/router_classic.go:66.4,67.10 2 0
github.com/ricardominze/gobootstrap/infra/adapter/router_classic.go:70.2,70.21 1 0
github.com/ricardominze/gobootstrap/infra/adapter/router_classic.go:73.53,74.23 1 0
github.com/ricardominze/gobootstrap/infra/adapter/router_classic.go:74.23,76.3 1 0
github.com/ricardominze/gobootstrap/infra/adapter/router_classic.go:79.66,81.34 2 0
github.com/ricardominze/gobootstrap/infra/adapter/router_classic.go:81.34,83.3 1 0
github.com/ricardominze/gobootstrap/infra/adapter/router_classic.go:84.2,84.13 1 0
github.com/ricardominze/gobootstrap/infra/adapter/router_gorilla.go:15.38,17.2 1 0
github.com/ricardominze/gobootstrap/infra/adapter/router_gorilla.go:19.44,21.2 1 0
github.com/ricardominze/gobootstrap/infra/adapter/router_gorilla.go:23.67,25.2 1 0
github.com/ricardominze/gobootstrap/infra/adapter/router_gorilla.go:27.75,29.2 1 0
github.com/ricardominze/gobootstrap/infra/adapter/router_gorilla.go:31.52,32.23 1 0
github.com/ricardominze/gobootstrap/infra/adapter/router_gorilla.go:32.23,34.3 1 0
github.com/ricardominze/gobootstrap/infra/adapter/router_gorilla.go:37.65,39.2 1 0
github.com/ricardominze/gobootstrap/infra/telemetry/init_trace.go:15.98,26.16 2 0
github.com/ricardominze/gobootstrap/infra/telemetry/init_trace.go:26.16,28.3 1 0
github.com/ricardominze/gobootstrap/infra/telemetry/init_trace.go:34.2,60.17 4 0
github.com/ricardominze/gobootstrap/infra/telemetry/init_trace.go:60.17,62.17 2 0
github.com/ricardominze/gobootstrap/infra/telemetry/init_trace.go:62.17,64.4 1 0
github.com/ricardominze/gobootstrap/infra/telemetry/make_metric.go:5.73,8.2 1 0
github.com/ricardominze/gobootstrap/infra/telemetry/make_trace.go:13.105,17.2 2 0
github.com/ricardominze/gobootstrap/infra/telemetry/make_trace.go:19.71,42.2 10 1
github.com/ricardominze/gobootstrap/infra/util/handler_map.go:35.43,37.2 1 0
github.com/ricardominze/gobootstrap/infra/util/handler_map.go:39.42,41.2 1 0
github.com/ricardominze/gobootstrap/infra/util/handler_map.go:43.37,45.26 1 0
github.com/ricardominze/gobootstrap/infra/util/handler_map.go:45.26,47.3 1 0
github.com/ricardominze/gobootstrap/infra/util/handler_map.go:49.2,49.25 1 0
github.com/ricardominze/gobootstrap/infra/util/handler_map.go:49.25,51.3 1 0
github.com/ricardominze/gobootstrap/infra/util/handler_map.go:53.2,53.25 1 0
github.com/ricardominze/gobootstrap/infra/util/handler_map.go:53.25,55.3 1 0
github.com/ricardominze/gobootstrap/infra/util/handler_map.go:58.55,63.2 3 0
github.com/ricardominze/gobootstrap/infra/util/handler_map.go:65.67,75.47 7 0
github.com/ricardominze/gobootstrap/infra/util/handler_map.go:75.47,77.50 2 0
github.com/ricardominze/gobootstrap/infra/util/handler_map.go:77.50,82.106 5 0
github.com/ricardominze/gobootstrap/infra/util/handler_map.go:82.106,83.81 1 0
github.com/ricardominze/gobootstrap/infra/util/handler_map.go:83.81,85.32 2 0
github.com/ricardominze/gobootstrap/infra/util/handler_map.go:85.32,87.7 1 0
github.com/ricardominze/gobootstrap/infra/util/handler_map.go:88.6,89.43 2 0
github.com/ricardominze/gobootstrap/infra/util/handler_map.go:90.11,92.6 1 0
github.com/ricardominze/gobootstrap/infra/util/handler_map.go:93.10,95.5 1 0
github.com/ricardominze/gobootstrap/infra/util/struct_map.go:21.47,28.14 2 0
github.com/ricardominze/gobootstrap/infra/util/struct_map.go:28.14,30.3 1 0
github.com/ricardominze/gobootstrap/infra/util/struct_map.go:32.2,32.18 1 0
github.com/ricardominze/gobootstrap/infra/util/struct_map.go:35.79,38.36 2 0
github.com/ricardominze/gobootstrap/infra/util/struct_map.go:38.36,40.3 1 0
github.com/ricardominze/gobootstrap/infra/util/struct_map.go:41.2,41.14 1 0
github.com/ricardominze/gobootstrap/infra/util/struct_map.go:44.61,47.34 2 0
github.com/ricardominze/gobootstrap/infra/util/struct_map.go:47.34,49.3 1 0
github.com/ricardominze/gobootstrap/infra/util/struct_map.go:50.2,50.13 1 0
github.com/ricardominze/gobootstrap/infra/util/struct_map.go:53.59,56.2 1 0
github.com/ricardominze/gobootstrap/infra/util/struct_map.go:58.74,63.2 3 0
github.com/ricardominze/gobootstrap/infra/util/struct_map.go:65.44,68.2 1 0
github.com/ricardominze/gobootstrap/infra/util/struct_map.go:70.47,74.18 2 0
github.com/ricardominze/gobootstrap/infra/util/struct_map.go:75.23,78.33 3 0
github.com/ricardominze/gobootstrap/infra/util/struct_map.go:78.33,80.4 1 0
github.com/ricardominze/gobootstrap/infra/util/struct_map.go:81.3,84.35 4 0
github.com/ricardominze/gobootstrap/infra/util/struct_map.go:84.35,86.15 2 0
github.com/ricardominze/gobootstrap/infra/util/struct_map.go:86.15,87.24 1 0
github.com/ricardominze/gobootstrap/infra/util/struct_map.go:87.24,90.6 2 0
github.com/ricardominze/gobootstrap/infra/util/struct_map.go:90.11,91.37 1 0
github.com/ricardominze/gobootstrap/infra/util/struct_map.go:91.37,93.7 1 0
github.com/ricardominze/gobootstrap/infra/util/struct_map.go:97.3,97.41 1 0
github.com/ricardominze/gobootstrap/infra/util/struct_map.go:98.21,99.53 1 0
github.com/ricardominze/gobootstrap/infra/util/struct_map.go:100.25,103.36 3 0
github.com/ricardominze/gobootstrap/infra/util/struct_map.go:103.36,104.34 1 0
github.com/ricardominze/gobootstrap/infra/util/struct_map.go:104.34,106.6 1 0
github.com/ricardominze/gobootstrap/infra/util/struct_map.go:108.4,108.43 1 0
github.com/ricardominze/gobootstrap/infra/util/struct_map.go:109.25,112.25 3 0
github.com/ricardominze/gobootstrap/infra/util/struct_map.go:112.25,116.29 4 0
github.com/ricardominze/gobootstrap/infra/util/struct_map.go:116.29,118.6 1 0
github.com/ricardominze/gobootstrap/infra/util/struct_map.go:119.5,119.43 1 0
github.com/ricardominze/gobootstrap/core/domain/account/entity/account.go:15.70,22.2 1 0
github.com/ricardominze/gobootstrap/core/domain/account/entity/account.go:24.35,27.2 1 0
github.com/ricardominze/gobootstrap/core/domain/account/entity/account.go:29.33,33.27 2 0
github.com/ricardominze/gobootstrap/core/domain/account/entity/account.go:33.27,35.3 1 0
github.com/ricardominze/gobootstrap/core/domain/account/entity/account.go:37.2,37.27 1 0
github.com/ricardominze/gobootstrap/core/domain/account/entity/account.go:37.27,39.3 1 0
github.com/ricardominze/gobootstrap/core/domain/account/entity/account.go:41.2,41.23 1 0
github.com/ricardominze/gobootstrap/core/domain/account/entity/account.go:41.23,43.3 1 0
github.com/ricardominze/gobootstrap/core/domain/account/entity/account.go:44.2,45.12 2 0
github.com/ricardominze/gobootstrap/core/domain/account/entity/account.go:48.48,49.19 1 0
github.com/ricardominze/gobootstrap/core/domain/account/entity/account.go:49.19,51.3 1 0
github.com/ricardominze/gobootstrap/core/domain/account/entity/account.go:52.2,53.12 2 0
github.com/ricardominze/gobootstrap/core/domain/account/entity/account.go:56.49,57.23 1 0
github.com/ricardominze/gobootstrap/core/domain/account/entity/account.go:57.23,59.3 1 0
github.com/ricardominze/gobootstrap/core/domain/account/entity/account.go:60.2,61.12 2 0
github.com/ricardominze/gobootstrap/core/domain/account/entity/account.go:64.40,66.21 1 0
github.com/ricardominze/gobootstrap/core/domain/account/entity/account.go:66.21,68.3 1 0
github.com/ricardominze/gobootstrap/core/domain/account/entity/account.go:70.2,70.21 1 0
github.com/ricardominze/gobootstrap/core/domain/account/entity/account.go:70.21,72.3 1 0
github.com/ricardominze/gobootstrap/core/domain/account/entity/account.go:74.2,76.12 2 0
github.com/ricardominze/gobootstrap/core/domain/customer/entity/customer.go:14.79,21.2 1 0
github.com/ricardominze/gobootstrap/core/domain/customer/entity/customer.go:23.36,25.22 1 1
github.com/ricardominze/gobootstrap/core/domain/customer/entity/customer.go:25.22,27.3 1 0
github.com/ricardominze/gobootstrap/core/domain/customer/entity/customer.go:29.2,29.12 1 1
github.com/ricardominze/gobootstrap/core/domain/customer/entity/customer.go:32.44,35.2 1 0
github.com/ricardominze/gobootstrap/core/domain/customer/service/customer_service.go:17.88,22.2 1 1
github.com/ricardominze/gobootstrap/core/domain/customer/service/customer_service.go:24.95,30.2 3 0
github.com/ricardominze/gobootstrap/core/domain/customer/service/customer_service.go:32.126,39.16 4 1
github.com/ricardominze/gobootstrap/core/domain/customer/service/customer_service.go:39.16,41.3 1 0
github.com/ricardominze/gobootstrap/core/domain/customer/service/customer_service.go:43.2,43.22 1 1
github.com/ricardominze/gobootstrap/core/domain/customer/service/customer_service.go:46.124,53.16 4 1
github.com/ricardominze/gobootstrap/core/domain/customer/service/customer_service.go:53.16,55.3 1 0
github.com/ricardominze/gobootstrap/core/domain/customer/service/customer_service.go:57.2,57.22 1 1
github.com/ricardominze/gobootstrap/core/domain/customer/usecase/customer_usecase_create.go:15.100,17.2 1 1
github.com/ricardominze/gobootstrap/core/domain/customer/usecase/customer_usecase_create.go:19.115,26.16 4 1
github.com/ricardominze/gobootstrap/core/domain/customer/usecase/customer_usecase_create.go:26.16,28.3 1 0
github.com/ricardominze/gobootstrap/core/domain/customer/usecase/customer_usecase_create.go:30.2,32.16 2 1
github.com/ricardominze/gobootstrap/core/domain/customer/usecase/customer_usecase_create.go:32.16,34.3 1 0
github.com/ricardominze/gobootstrap/core/domain/customer/usecase/customer_usecase_create.go:36.2,36.22 1 1
github.com/ricardominze/gobootstrap/core/domain/customer/usecase/customer_usecase_get.go:15.94,17.2 1 1
github.com/ricardominze/gobootstrap/core/domain/customer/usecase/customer_usecase_get.go:19.93,26.16 4 0
github.com/ricardominze/gobootstrap/core/domain/customer/usecase/customer_usecase_get.go:26.16,28.3 1 0
github.com/ricardominze/gobootstrap/core/domain/customer/usecase/customer_usecase_get.go:30.2,30.22 1 0
github.com/ricardominze/gobootstrap/core/domain/customer/usecase/customer_usecase_save.go:15.96,17.2 1 0
github.com/ricardominze/gobootstrap/core/domain/customer/usecase/customer_usecase_save.go:19.113,26.16 4 0
github.com/ricardominze/gobootstrap/core/domain/customer/usecase/customer_usecase_save.go:26.16,28.3 1 0
github.com/ricardominze/gobootstrap/core/domain/customer/usecase/customer_usecase_save.go:30.2,32.16 2 0
github.com/ricardominze/gobootstrap/core/domain/customer/usecase/customer_usecase_save.go:32.16,34.3 1 0
github.com/ricardominze/gobootstrap/core/domain/customer/usecase/customer_usecase_save.go:36.2,36.22 1 0
github.com/ricardominze/gobootstrap/core/valueobject/address.go:9.70,16.2 1 0
github.com/ricardominze/gobootstrap/core/valueobject/address.go:18.35,21.2 1 0
github.com/ricardominze/gobootstrap/core/valueobject/address.go:23.43,26.2 1 0
github.com/ricardominze/gobootstrap/core/valueobject/address.go:28.47,31.2 1 0
github.com/ricardominze/gobootstrap/core/valueobject/address.go:33.49,36.2 1 0
github.com/ricardominze/gobootstrap/infra/adapter/account_repository.go:15.58,17.2 1 0
github.com/ricardominze/gobootstrap/infra/adapter/account_repository.go:19.96,26.25 4 0
github.com/ricardominze/gobootstrap/infra/adapter/account_repository.go:26.25,28.3 1 0
github.com/ricardominze/gobootstrap/infra/adapter/account_repository.go:30.2,30.21 1 0
github.com/ricardominze/gobootstrap/infra/adapter/account_repository.go:33.122,43.24 6 0
github.com/ricardominze/gobootstrap/infra/adapter/account_repository.go:43.24,47.17 2 0
github.com/ricardominze/gobootstrap/infra/adapter/account_repository.go:47.17,49.4 1 0
github.com/ricardominze/gobootstrap/infra/adapter/account_repository.go:51.8,55.17 2 0
github.com/ricardominze/gobootstrap/infra/adapter/account_repository.go:55.17,57.4 1 0
github.com/ricardominze/gobootstrap/infra/adapter/account_repository.go:60.2,60.21 1 0
github.com/ricardominze/gobootstrap/infra/adapter/account_repository.go:63.124,70.16 4 0
github.com/ricardominze/gobootstrap/infra/adapter/account_repository.go:70.16,72.3 1 0
github.com/ricardominze/gobootstrap/infra/adapter/account_repository.go:74.2,77.21 3 0
github.com/ricardominze/gobootstrap/infra/adapter/account_repository.go:80.124,87.16 4 0
github.com/ricardominze/gobootstrap/infra/adapter/account_repository.go:87.16,89.3 1 0
github.com/ricardominze/gobootstrap/infra/adapter/account_repository.go:91.2,91.21 1 0
github.com/ricardominze/gobootstrap/infra/adapter/customer_repository.go:16.60,18.2 1 1
github.com/ricardominze/gobootstrap/infra/adapter/customer_repository.go:20.99,30.25 6 0
github.com/ricardominze/gobootstrap/infra/adapter/customer_repository.go:30.25,32.3 1 0
github.com/ricardominze/gobootstrap/infra/adapter/customer_repository.go:34.2,34.22 1 0
github.com/ricardominze/gobootstrap/infra/adapter/customer_repository.go:37.128,47.25 6 1
github.com/ricardominze/gobootstrap/infra/adapter/customer_repository.go:47.25,51.17 2 1
github.com/ricardominze/gobootstrap/infra/adapter/customer_repository.go:51.17,53.4 1 0
github.com/ricardominze/gobootstrap/infra/adapter/customer_repository.go:55.8,59.17 2 1
github.com/ricardominze/gobootstrap/infra/adapter/customer_repository.go:59.17,61.4 1 0
github.com/ricardominze/gobootstrap/infra/adapter/customer_repository.go:64.2,64.22 1 1
github.com/ricardominze/gobootstrap/infra/adapter/customer_repository.go:67.130,74.16 4 1
github.com/ricardominze/gobootstrap/infra/adapter/customer_repository.go:74.16,76.3 1 0
github.com/ricardominze/gobootstrap/infra/adapter/customer_repository.go:78.2,81.22 3 1
github.com/ricardominze/gobootstrap/infra/adapter/customer_repository.go:84.130,91.16 4 1
github.com/ricardominze/gobootstrap/infra/adapter/customer_repository.go:91.16,93.3 1 0
github.com/ricardominze/gobootstrap/infra/adapter/customer_repository.go:95.2,95.22 1 1
github.com/ricardominze/gobootstrap/infra/adapter/router_classic.go:17.77,20.81 3 0
github.com/ricardominze/gobootstrap/infra/adapter/router_classic.go:20.81,23.23 3 0
github.com/ricardominze/gobootstrap/infra/adapter/router_classic.go:23.23,25.4 1 0
github.com/ricardominze/gobootstrap/infra/adapter/router_classic.go:26.3,26.19 1 0
github.com/ricardominze/gobootstrap/infra/adapter/router_classic.go:28.2,33.3 2 0
github.com/ricardominze/gobootstrap/infra/adapter/router_classic.go:41.38,43.2 1 0
github.com/ricardominze/gobootstrap/infra/adapter/router_classic.go:45.45,47.2 1 0
github.com/ricardominze/gobootstrap/infra/adapter/router_classic.go:49.71,52.2 2 0
github.com/ricardominze/gobootstrap/infra/adapter/router_classic.go:54.76,56.34 2 0
github.com/ricardominze/gobootstrap/infra/adapter/router_classic.go:56.34,57.72 1 0
github.com/ricardominze/gobootstrap/infra/adapter/router_classic.go:57.72,59.38 2 0
github.com/ricardominze/gobootstrap/infra/adapter/router_classic.go:59.38,61.5 1 0
github.com/ricardominze/gobootstrap/infra/adapter/router_classic.go:62.4,63.37 2 0
github.com/ricardominze/gobootstrap/infra/adapter/router_classic.go:63.37,65.5 1 0
github.com/ricardominze/gobootstrap/infra/adapter/router_classic.go:66.4,67.10 2 0
github.com/ricardominze/gobootstrap/infra/adapter/router_classic.go:70.2,70.21 1 0
github.com/ricardominze/gobootstrap/infra/adapter/router_classic.go:73.53,74.23 1 0
github.com/ricardominze/gobootstrap/infra/adapter/router_classic.go:74.23,76.3 1 0
github.com/ricardominze/gobootstrap/infra/adapter/router_classic.go:79.66,81.34 2 0
github.com/ricardominze/gobootstrap/infra/adapter/router_classic.go:81.34,83.3 1 0
github.com/ricardominze/gobootstrap/infra/adapter/router_classic.go:84.2,84.13 1 0
github.com/ricardominze/gobootstrap/infra/adapter/router_gorilla.go:15.38,17.2 1 0
github.com/ricardominze/gobootstrap/infra/adapter/router_gorilla.go:19.44,21.2 1 0
github.com/ricardominze/gobootstrap/infra/adapter/router_gorilla.go:23.67,25.2 1 0
github.com/ricardominze/gobootstrap/infra/adapter/router_gorilla.go:27.75,29.2 1 0
github.com/ricardominze/gobootstrap/infra/adapter/router_gorilla.go:31.52,32.23 1 0
github.com/ricardominze/gobootstrap/infra/adapter/router_gorilla.go:32.23,34.3 1 0
github.com/ricardominze/gobootstrap/infra/adapter/router_gorilla.go:37.65,39.2 1 0
github.com/ricardominze/gobootstrap/infra/telemetry/init_trace.go:15.98,26.16 2 0
github.com/ricardominze/gobootstrap/infra/telemetry/init_trace.go:26.16,28.3 1 0
github.com/ricardominze/gobootstrap/infra/telemetry/init_trace.go:34.2,60.17 4 0
github.com/ricardominze/gobootstrap/infra/telemetry/init_trace.go:60.17,62.17 2 0
github.com/ricardominze/gobootstrap/infra/telemetry/init_trace.go:62.17,64.4 1 0
github.com/ricardominze/gobootstrap/infra/telemetry/make_metric.go:5.73,8.2 1 0
github.com/ricardominze/gobootstrap/infra/telemetry/make_trace.go:13.105,17.2 2 0
github.com/ricardominze/gobootstrap/infra/telemetry/make_trace.go:19.71,42.2 10 1
github.com/ricardominze/gobootstrap/infra/util/handler_map.go:35.43,37.2 1 0
github.com/ricardominze/gobootstrap/infra/util/handler_map.go:39.42,41.2 1 0
github.com/ricardominze/gobootstrap/infra/util/handler_map.go:43.37,45.26 1 0
github.com/ricardominze/gobootstrap/infra/util/handler_map.go:45.26,47.3 1 0
github.com/ricardominze/gobootstrap/infra/util/handler_map.go:49.2,49.25 1 0
github.com/ricardominze/gobootstrap/infra/util/handler_map.go:49.25,51.3 1 0
github.com/ricardominze/gobootstrap/infra/util/handler_map.go:53.2,53.25 1 0
github.com/ricardominze/gobootstrap/infra/util/handler_map.go:53.25,55.3 1 0
github.com/ricardominze/gobootstrap/infra/util/handler_map.go:58.55,63.2 3 0
github.com/ricardominze/gobootstrap/infra/util/handler_map.go:65.67,75.47 7 0
github.com/ricardominze/gobootstrap/infra/util/handler_map.go:75.47,77.50 2 0
github.com/ricardominze/gobootstrap/infra/util/handler_map.go:77.50,82.106 5 0
github.com/ricardominze/gobootstrap/infra/util/handler_map.go:82.106,83.81 1 0
github.com/ricardominze/gobootstrap/infra/util/handler_map.go:83.81,85.32 2 0
github.com/ricardominze/gobootstrap/infra/util/handler_map.go:85.32,87.7 1 0
github.com/ricardominze/gobootstrap/infra/util/handler_map.go:88.6,89.43 2 0
github.com/ricardominze/gobootstrap/infra/util/handler_map.go:90.11,92.6 1 0
github.com/ricardominze/gobootstrap/infra/util/handler_map.go:93.10,95.5 1 0
github.com/ricardominze/gobootstrap/infra/util/struct_map.go:21.47,28.14 2 0
github.com/ricardominze/gobootstrap/infra/util/struct_map.go:28.14,30.3 1 0
github.com/ricardominze/gobootstrap/infra/util/struct_map.go:32.2,32.18 1 0
github.com/ricardominze/gobootstrap/infra/util/struct_map.go:35.79,38.36 2 0
github.com/ricardominze/gobootstrap/infra/util/struct_map.go:38.36,40.3 1 0
github.com/ricardominze/gobootstrap/infra/util/struct_map.go:41.2,41.14 1 0
github.com/ricardominze/gobootstrap/infra/util/struct_map.go:44.61,47.34 2 0
github.com/ricardominze/gobootstrap/infra/util/struct_map.go:47.34,49.3 1 0
github.com/ricardominze/gobootstrap/infra/util/struct_map.go:50.2,50.13 1 0
github.com/ricardominze/gobootstrap/infra/util/struct_map.go:53.59,56.2 1 0
github.com/ricardominze/gobootstrap/infra/util/struct_map.go:58.74,63.2 3 0
github.com/ricardominze/gobootstrap/infra/util/struct_map.go:65.44,68.2 1 0
github.com/ricardominze/gobootstrap/infra/util/struct_map.go:70.47,74.18 2 0
github.com/ricardominze/gobootstrap/infra/util/struct_map.go:75.23,78.33 3 0
github.com/ricardominze/gobootstrap/infra/util/struct_map.go:78.33,80.4 1 0
github.com/ricardominze/gobootstrap/infra/util/struct_map.go:81.3,84.35 4 0
github.com/ricardominze/gobootstrap/infra/util/struct_map.go:84.35,86.15 2 0
github.com/ricardominze/gobootstrap/infra/util/struct_map.go:86.15,87.24 1 0
github.com/ricardominze/gobootstrap/infra/util/struct_map.go:87.24,90.6 2 0
github.com/ricardominze/gobootstrap/infra/util/struct_map.go:90.11,91.37 1 0
github.com/ricardominze/gobootstrap/infra/util/struct_map.go:91.37,93.7 1 0
github.com/ricardominze/gobootstrap/infra/util/struct_map.go:97.3,97.41 1 0
github.com/ricardominze/gobootstrap/infra/util/struct_map.go:98.21,99.53 1 0
github.com/ricardominze/gobootstrap/infra/util/struct_map.go:100.25,103.36 3 0
github.com/ricardominze/gobootstrap/infra/util/struct_map.go:103.36,104.34 1 0
github.com/ricardominze/gobootstrap/infra/util/struct_map.go:104.34,106.6 1 0
github.com/ricardominze/gobootstrap/infra/util/struct_map.go:108.4,108.43 1 0
github.com/ricardominze/gobootstrap/infra/util/struct_map.go:109.25,112.25 3 0
github.com/ricardominze/gobootstrap/infra/util/struct_map.go:112.25,116.29 4 0
github.com/ricardominze/gobootstrap/infra/util/struct_map.go:116.29,118.6 1 0
github.com/ricardominze/gobootstrap/infra/util/struct_map.go:119.5,119.43 1 0
